<?xml version="1.0" encoding="UTF-8"?>
<testng-results ignored="0" total="1" passed="1" failed="0" skipped="0">
  <reporter-output>
    <line>
      <![CDATA[About to begin executing Suite LMS-SIS enviroment]]>
    </line>
    <line>
      <![CDATA[About to begin executing Test Insistute]]>
    </line>
    <line>
      <![CDATA[About to begin executing following method : AbstractTestNGCucumberTests.setUpClass]]>
    </line>
    <line>
      <![CDATA[Completed executing following method : AbstractTestNGCucumberTests.setUpClass]]>
    </line>
    <line>
      <![CDATA[About to begin executing following method : ApplicationQuestionRunner.beforeclass]]>
    </line>
    <line>
      <![CDATA[Completed executing following method : ApplicationQuestionRunner.beforeclass]]>
    </line>
    <line>
      <![CDATA[About to begin executing following method : AbstractTestNGCucumberTests.runScenario]]>
    </line>
    <line>
      <![CDATA[Completed executing following method : AbstractTestNGCucumberTests.runScenario]]>
    </line>
    <line>
      <![CDATA[Test Method resides in com.cucumber.TestRunner.ApplicationQuestionRunner]]>
    </line>
    <line>
      <![CDATA[Test Method had the following parameters : null"Verify the Create Questions in Application Questions","Administrator - Application Questions.",]]>
    </line>
    <line>
      <![CDATA[Test Status: Pass]]>
    </line>
    <line>
      <![CDATA[About to begin executing following method : ApplicationQuestionRunner.testDownClass]]>
    </line>
    <line>
      <![CDATA[Completed executing following method : ApplicationQuestionRunner.testDownClass]]>
    </line>
    <line>
      <![CDATA[About to begin executing following method : AbstractTestNGCucumberTests.tearDownClass]]>
    </line>
    <line>
      <![CDATA[Completed executing following method : AbstractTestNGCucumberTests.tearDownClass]]>
    </line>
  </reporter-output>
  <suite started-at="2025-01-14T21:21:32 IST" name="LMS-SIS enviroment" finished-at="2025-01-14T21:22:21 IST" duration-ms="49221">
    <groups>
      <group name="cucumber">
        <method signature="AbstractTestNGCucumberTests.runScenario(io.cucumber.testng.PickleWrapper,io.cucumber.testng.FeatureWrapper)[pri:0, instance:com.cucumber.TestRunner.ApplicationQuestionRunner@30f842ca]" name="runScenario" class="io.cucumber.testng.AbstractTestNGCucumberTests"/>
      </group> <!-- cucumber -->
    </groups>
    <test started-at="2025-01-14T21:21:32 IST" name="Insistute" finished-at="2025-01-14T21:22:21 IST" duration-ms="49221">
      <class name="com.cucumber.TestRunner.ApplicationQuestionRunner">
        <test-method is-config="true" signature="setUpClass(org.testng.ITestContext)[pri:0, instance:com.cucumber.TestRunner.ApplicationQuestionRunner@30f842ca]" started-at="2025-01-14T21:21:32 IST" name="setUpClass" finished-at="2025-01-14T21:21:33 IST" duration-ms="668" status="PASS">
          <params>
            <param index="0">
              <value>
                <![CDATA[org.testng.TestRunner@6ee186f3]]>
              </value>
            </param>
          </params>
          <reporter-output>
            <line>
              <![CDATA[Completed executing following method : AbstractTestNGCucumberTests.setUpClass]]>
            </line>
          </reporter-output>
        </test-method> <!-- setUpClass -->
        <test-method is-config="true" signature="beforeclass(java.lang.String,java.lang.String)[pri:0, instance:com.cucumber.TestRunner.ApplicationQuestionRunner@30f842ca]" started-at="2025-01-14T21:21:33 IST" name="beforeclass" finished-at="2025-01-14T21:21:37 IST" duration-ms="3649" status="PASS">
          <params>
            <param index="0">
              <value>
                <![CDATA[chrome]]>
              </value>
            </param>
            <param index="1">
              <value>
                <![CDATA[SISExcelReport]]>
              </value>
            </param>
          </params>
          <reporter-output>
            <line>
              <![CDATA[Completed executing following method : ApplicationQuestionRunner.beforeclass]]>
            </line>
          </reporter-output>
        </test-method> <!-- beforeclass -->
        <test-method signature="runScenario(io.cucumber.testng.PickleWrapper,io.cucumber.testng.FeatureWrapper)[pri:0, instance:com.cucumber.TestRunner.ApplicationQuestionRunner@30f842ca]" started-at="2025-01-14T21:21:37 IST" name="runScenario" description="Runs Cucumber Scenarios" data-provider="scenarios" finished-at="2025-01-14T21:22:19 IST" duration-ms="42789" status="PASS">
          <params>
            <param index="0">
              <value>
                <![CDATA["Verify the Create Questions in Application Questions"]]>
              </value>
            </param>
            <param index="1">
              <value>
                <![CDATA["Administrator - Application Questions."]]>
              </value>
            </param>
          </params>
          <reporter-output>
            <line>
              <![CDATA[About to begin executing following method : AbstractTestNGCucumberTests.runScenario]]>
            </line>
            <line>
              <![CDATA[Completed executing following method : AbstractTestNGCucumberTests.runScenario]]>
            </line>
            <line>
              <![CDATA[Test Method resides in com.cucumber.TestRunner.ApplicationQuestionRunner]]>
            </line>
            <line>
              <![CDATA[Test Method had the following parameters : null"Verify the Create Questions in Application Questions","Administrator - Application Questions.",]]>
            </line>
            <line>
              <![CDATA[Test Status: Pass]]>
            </line>
          </reporter-output>
        </test-method> <!-- runScenario -->
        <test-method is-config="true" signature="testDownClass()[pri:0, instance:com.cucumber.TestRunner.ApplicationQuestionRunner@30f842ca]" started-at="2025-01-14T21:22:19 IST" name="testDownClass" finished-at="2025-01-14T21:22:20 IST" duration-ms="518" status="PASS">
          <reporter-output>
            <line>
              <![CDATA[Completed executing following method : ApplicationQuestionRunner.testDownClass]]>
            </line>
          </reporter-output>
        </test-method> <!-- testDownClass -->
        <test-method is-config="true" signature="tearDownClass()[pri:0, instance:com.cucumber.TestRunner.ApplicationQuestionRunner@30f842ca]" started-at="2025-01-14T21:22:20 IST" name="tearDownClass" finished-at="2025-01-14T21:22:21 IST" duration-ms="1547" status="PASS">
          <reporter-output>
            <line>
              <![CDATA[Completed executing following method : AbstractTestNGCucumberTests.tearDownClass]]>
            </line>
          </reporter-output>
        </test-method> <!-- tearDownClass -->
      </class> <!-- com.cucumber.TestRunner.ApplicationQuestionRunner -->
    </test> <!-- Insistute -->
  </suite> <!-- LMS-SIS enviroment -->
</testng-results>
